HBuilder-Integrate-AS/simpleDemo/build/intermediates/manifest_merge_blame_file/debug/processDebugMainManifest/manifest-merger-blame-debug-report.txt
1<?xml version="1.0" encoding="utf-8"?>
2<manifest xmlns:android="http://schemas.android.com/apk/res/android"
3    package="com.cheryge.greenenergy"
4    android:versionCode="1"
5    android:versionName="1.0" >
6
7    <uses-sdk
8        android:minSdkVersion="21"
9        android:targetSdkVersion="33" />
10
11    <!-- 4. 权限补充（Android 13+ 需添加 POST_NOTIFICATIONS） -->
12    <supports-screens
12-->src/main/AndroidManifest.xml:7:5-12:39
13        android:anyDensity="true"
13-->src/main/AndroidManifest.xml:8:9-34
14        android:largeScreens="true"
14-->src/main/AndroidManifest.xml:9:9-36
15        android:normalScreens="true"
15-->src/main/AndroidManifest.xml:10:9-37
16        android:resizeable="true"
16-->src/main/AndroidManifest.xml:11:9-34
17        android:smallScreens="true" />
17-->src/main/AndroidManifest.xml:12:9-36
18
19    <uses-permission android:name="android.permission.POST_NOTIFICATIONS" />
19-->src/main/AndroidManifest.xml:13:5-77
19-->src/main/AndroidManifest.xml:13:22-74
20
21    <!-- Barcode(二维码)  begin -->
22    <uses-permission android:name="android.permission.CAMERA" />
22-->src/main/AndroidManifest.xml:16:5-65
22-->src/main/AndroidManifest.xml:16:22-62
23    <uses-permission android:name="android.permission.WRITE_EXTERNAL_STORAGE" />
23-->src/main/AndroidManifest.xml:17:5-81
23-->src/main/AndroidManifest.xml:17:22-78
24
25    <uses-feature android:name="android.hardware.camera" />
25-->src/main/AndroidManifest.xml:18:5-60
25-->src/main/AndroidManifest.xml:18:19-57
26    <uses-feature android:name="android.hardware.camera.autofocus" />
26-->src/main/AndroidManifest.xml:19:5-70
26-->src/main/AndroidManifest.xml:19:19-67
27
28    <uses-permission android:name="android.permission.VIBRATE" />
28-->src/main/AndroidManifest.xml:20:5-66
28-->src/main/AndroidManifest.xml:20:22-63
29    <uses-permission android:name="android.permission.FLASHLIGHT" />
29-->src/main/AndroidManifest.xml:21:5-69
29-->src/main/AndroidManifest.xml:21:22-66
30    <!-- Barcode(二维码)  end -->
31
32    <uses-permission android:name="android.permission.USE_FINGERPRINT" />
32-->src/main/AndroidManifest.xml:24:5-73
32-->src/main/AndroidManifest.xml:24:22-71
33
34    <!-- Maps(地图) begin -->
35    <!-- Maps - 百度地图 begin -->
36    <uses-permission android:name="android.permission.INTERNET" />
36-->src/main/AndroidManifest.xml:28:5-67
36-->src/main/AndroidManifest.xml:28:22-64
37    <uses-permission android:name="android.permission.WRITE_EXTERNAL_STORAGE" />
37-->src/main/AndroidManifest.xml:17:5-81
37-->src/main/AndroidManifest.xml:17:22-78
38    <uses-permission android:name="android.permission.ACCESS_COARSE_LOCATION" />
38-->src/main/AndroidManifest.xml:30:5-81
38-->src/main/AndroidManifest.xml:30:22-78
39    <uses-permission android:name="android.permission.ACCESS_FINE_LOCATION" />
39-->src/main/AndroidManifest.xml:31:5-79
39-->src/main/AndroidManifest.xml:31:22-76
40    <uses-permission android:name="android.permission.WRITE_SETTINGS" />
40-->src/main/AndroidManifest.xml:32:5-73
40-->src/main/AndroidManifest.xml:32:22-70
41    <uses-permission android:name="android.permission.ACCESS_NETWORK_STATE" />
41-->src/main/AndroidManifest.xml:33:5-79
41-->src/main/AndroidManifest.xml:33:22-76
42    <uses-permission android:name="android.permission.CHANGE_WIFI_STATE" />
42-->src/main/AndroidManifest.xml:34:5-76
42-->src/main/AndroidManifest.xml:34:22-73
43    <uses-permission android:name="android.permission.READ_PHONE_STATE" />
43-->src/main/AndroidManifest.xml:35:5-75
43-->src/main/AndroidManifest.xml:35:22-72
44    <uses-permission android:name="android.permission.MOUNT_UNMOUNT_FILESYSTEMS" />
44-->src/main/AndroidManifest.xml:36:5-84
44-->src/main/AndroidManifest.xml:36:22-81
45    <uses-permission android:name="android.permission.READ_LOGS" />
45-->src/main/AndroidManifest.xml:37:5-68
45-->src/main/AndroidManifest.xml:37:22-65
46    <!-- Maps(地图) end -->
47
48
49    <!-- Push(推送)只能选择一个推送组件 -->
50    <!-- Push(推送)-MKeyPush begin -->
51    <!--
52    <uses-permission android:name="android.permission.INTERNET"/>
53    <uses-permission android:name="android.permission.ACCESS_WIFI_STATE"/>
54    <uses-permission android:name="android.permission.ACCESS_NETWORK_STATE"/>
55    <uses-permission android:name="android.permission.READ_PHONE_STATE"/>
56    -->
57    <!-- Push(推送)-MKeyPush  end -->
58
59
60    <!-- 小米推送 -->
61    <!--
62    <uses-permission android:name="android.permission.INTERNET"/>
63    <uses-permission android:name="android.permission.ACCESS_NETWORK_STATE"/>
64    <uses-permission android:name="android.permission.ACCESS_WIFI_STATE"/>
65    <uses-permission android:name="android.permission.READ_PHONE_STATE"/>
66    <uses-permission android:name="android.permission.GET_TASKS"/>
67    <uses-permission android:name="android.permission.VIBRATE"/>
68    <uses-permission android:name="android.permission.GET_TASKS"/>
69    <uses-permission android:name="android.permission.INTERACT_ACROSS_USERS_FULL"/>
70    <uses-permission android:name="android.permission.GET_TOP_ACTIVITY_INFO"/>
71    <uses-permission android:name="com.HBuilder.integrate.permission.MIPUSH_RECEIVE"/>
72    <permission android:name="com.HBuilder.integrate.permission.MIPUSH_RECEIVE" android:protectionLevel="signature"/>
73    -->
74    <!-- 小米推送 end -->
75
76
77    <!-- Share(分享)  begin -->
78    <!-- Share - 新浪微博分享 -->
79    <uses-permission android:name="android.permission.CHANGE_WIFI_STATE" />
79-->src/main/AndroidManifest.xml:34:5-76
79-->src/main/AndroidManifest.xml:34:22-73
80    <uses-permission android:name="android.permission.ACCESS_WIFI_STATE" />
80-->src/main/AndroidManifest.xml:71:5-76
80-->src/main/AndroidManifest.xml:71:22-73
81    <uses-permission android:name="android.permission.ACCESS_NETWORK_STATE" />
81-->src/main/AndroidManifest.xml:33:5-79
81-->src/main/AndroidManifest.xml:33:22-76
82    <!-- Share - 腾讯微博分享 -->
83    <uses-permission android:name="android.permission.ACCESS_NETWORK_STATE" />
83-->src/main/AndroidManifest.xml:33:5-79
83-->src/main/AndroidManifest.xml:33:22-76
84    <uses-permission android:name="android.permission.ACCESS_WIFI_STATE" />
84-->src/main/AndroidManifest.xml:71:5-76
84-->src/main/AndroidManifest.xml:71:22-73
85    <uses-permission android:name="android.permission.CHANGE_WIFI_STATE" />
85-->src/main/AndroidManifest.xml:34:5-76
85-->src/main/AndroidManifest.xml:34:22-73
86    <uses-permission android:name="android.permission.ACCESS_COARSE_LOCATION" />
86-->src/main/AndroidManifest.xml:30:5-81
86-->src/main/AndroidManifest.xml:30:22-78
87    <uses-permission android:name="android.permission.ACCESS_FINE_LOCATION" />
87-->src/main/AndroidManifest.xml:31:5-79
87-->src/main/AndroidManifest.xml:31:22-76
88    <uses-permission android:name="android.permission.ACCESS_MOCK_LOCATION" />
88-->src/main/AndroidManifest.xml:79:5-79
88-->src/main/AndroidManifest.xml:79:22-76
89    <!-- Share - 微信分享 -->
90    <uses-permission android:name="android.permission.MODIFY_AUDIO_SETTINGS" />
90-->src/main/AndroidManifest.xml:81:5-80
90-->src/main/AndroidManifest.xml:81:22-77
91    <!-- Push(推送)   end -->
92
93
94    <!-- Speech(语音识别)  begin -->
95    <!-- Speech - 讯飞语音云 -->
96    <uses-permission android:name="android.permission.INTERNET" />
96-->src/main/AndroidManifest.xml:28:5-67
96-->src/main/AndroidManifest.xml:28:22-64
97    <uses-permission android:name="android.permission.WRITE_EXTERNAL_STORAGE" />
97-->src/main/AndroidManifest.xml:17:5-81
97-->src/main/AndroidManifest.xml:17:22-78
98    <uses-permission android:name="android.permission.RECORD_AUDIO" />
98-->src/main/AndroidManifest.xml:89:5-71
98-->src/main/AndroidManifest.xml:89:22-68
99    <uses-permission android:name="android.permission.ACCESS_NETWORK_STATE" />
99-->src/main/AndroidManifest.xml:33:5-79
99-->src/main/AndroidManifest.xml:33:22-76
100    <uses-permission android:name="android.permission.ACCESS_WIFI_STATE" />
100-->src/main/AndroidManifest.xml:71:5-76
100-->src/main/AndroidManifest.xml:71:22-73
101    <uses-permission android:name="android.permission.CHANGE_NETWORK_STATE" />
101-->src/main/AndroidManifest.xml:92:5-79
101-->src/main/AndroidManifest.xml:92:22-76
102    <uses-permission android:name="android.permission.READ_PHONE_STATE" />
102-->src/main/AndroidManifest.xml:35:5-75
102-->src/main/AndroidManifest.xml:35:22-72
103    <!-- Speech(语音识别)  end -->
104
105
106    <!-- Statistic(统计)  begin -->
107    <!-- Statistic - 友盟统计 -->
108    <uses-permission android:name="android.permission.READ_LOGS" />
108-->src/main/AndroidManifest.xml:37:5-68
108-->src/main/AndroidManifest.xml:37:22-65
109    <uses-permission android:name="android.permission.RECEIVE_BOOT_COMPLETED" />
109-->src/main/AndroidManifest.xml:100:5-81
109-->src/main/AndroidManifest.xml:100:22-78
110    <uses-permission android:name="android.permission.RECEIVE_USER_PRESENT" />
110-->src/main/AndroidManifest.xml:101:5-79
110-->src/main/AndroidManifest.xml:101:22-76
111    <!-- Statistic(统计)  end -->
112
113
114    <!-- 小米分享 -->
115    <uses-permission android:name="com.xiaomi.permission.AUTH_SERVICE" />
115-->src/main/AndroidManifest.xml:105:5-74
115-->src/main/AndroidManifest.xml:105:22-71
116
117    <!-- 蓝牙 ibeacon权限 -->
118    <uses-permission android:name="android.permission.ACCESS_COARSE_LOCATION" />
118-->src/main/AndroidManifest.xml:30:5-81
118-->src/main/AndroidManifest.xml:30:22-78
119    <uses-permission android:name="android.permission.ACCESS_FINE_LOCATION" />
119-->src/main/AndroidManifest.xml:31:5-79
119-->src/main/AndroidManifest.xml:31:22-76
120    <uses-permission android:name="android.permission.BLUETOOTH_ADMIN" />
120-->src/main/AndroidManifest.xml:110:5-74
120-->src/main/AndroidManifest.xml:110:22-71
121    <uses-permission android:name="android.permission.BLUETOOTH" />
121-->src/main/AndroidManifest.xml:111:5-68
121-->src/main/AndroidManifest.xml:111:22-65
122
123    <!-- 基座删除的部分权限 -->
124    <uses-permission android:name="android.permission.GET_TASKS" />
124-->src/main/AndroidManifest.xml:114:5-68
124-->src/main/AndroidManifest.xml:114:22-65
125    <uses-permission android:name="android.permission.CHANGE_NETWORK_STATE" />
125-->src/main/AndroidManifest.xml:92:5-79
125-->src/main/AndroidManifest.xml:92:22-76
126    <uses-permission android:name="android.permission.READ_CONTACTS" />
126-->src/main/AndroidManifest.xml:116:5-72
126-->src/main/AndroidManifest.xml:116:22-69
127    <uses-permission android:name="android.permission.ACCESS_WIFI_STATE" />
127-->src/main/AndroidManifest.xml:71:5-76
127-->src/main/AndroidManifest.xml:71:22-73
128
129    <uses-feature android:name="android.hardware.camera.autofocus" />
129-->src/main/AndroidManifest.xml:19:5-70
129-->src/main/AndroidManifest.xml:19:19-67
130
131    <uses-permission android:name="android.permission.WRITE_CONTACTS" />
131-->src/main/AndroidManifest.xml:119:5-73
131-->src/main/AndroidManifest.xml:119:22-70
132    <uses-permission android:name="android.permission.CAMERA" />
132-->src/main/AndroidManifest.xml:16:5-65
132-->src/main/AndroidManifest.xml:16:22-62
133    <uses-permission android:name="android.permission.GET_ACCOUNTS" />
133-->src/main/AndroidManifest.xml:121:5-71
133-->src/main/AndroidManifest.xml:121:22-68
134    <uses-permission android:name="android.permission.RECORD_AUDIO" />
134-->src/main/AndroidManifest.xml:89:5-71
134-->src/main/AndroidManifest.xml:89:22-68
135    <uses-permission android:name="android.permission.SEND_SMS" />
135-->src/main/AndroidManifest.xml:123:5-67
135-->src/main/AndroidManifest.xml:123:22-64
136    <uses-permission android:name="android.permission.READ_PHONE_STATE" />
136-->src/main/AndroidManifest.xml:35:5-75
136-->src/main/AndroidManifest.xml:35:22-72
137    <uses-permission android:name="android.permission.FLASHLIGHT" />
137-->src/main/AndroidManifest.xml:21:5-69
137-->src/main/AndroidManifest.xml:21:22-66
138
139    <uses-feature android:name="android.hardware.camera" />
139-->src/main/AndroidManifest.xml:18:5-60
139-->src/main/AndroidManifest.xml:18:19-57
140
141    <uses-permission android:name="android.permission.WRITE_SMS" />
141-->src/main/AndroidManifest.xml:127:5-68
141-->src/main/AndroidManifest.xml:127:22-65
142    <uses-permission android:name="android.permission.READ_SMS" />
142-->src/main/AndroidManifest.xml:128:5-67
142-->src/main/AndroidManifest.xml:128:22-64
143
144    <!-- 适配android 13 图片选择权限 -->
145    <uses-permission android:name="android.permission.READ_MEDIA_IMAGES" />
145-->[lib.5plus.base-release.aar] AndroidManifest.xml:17:5-76
145-->[lib.5plus.base-release.aar] AndroidManifest.xml:17:22-73
146    <uses-permission android:name="android.permission.READ_MEDIA_VIDEO" />
146-->[lib.5plus.base-release.aar] AndroidManifest.xml:18:5-75
146-->[lib.5plus.base-release.aar] AndroidManifest.xml:18:22-72
147    <uses-permission android:name="android.permission.READ_MEDIA_VISUAL_USER_SELECTED" />
147-->[lib.5plus.base-release.aar] AndroidManifest.xml:19:5-90
147-->[lib.5plus.base-release.aar] AndroidManifest.xml:19:22-87
148    <!--
149    <uses-permission
150        android:name="com.android.launcher.permission.UNINSTALL_SHORTCUT" />
151    -->
152    <!-- 华为修改角标需要设置权限 -->
153    <uses-permission android:name="com.huawei.android.launcher.permission.CHANGE_BADGE" /> <!-- vivo 修改角标需要设置权限 -->
153-->[lib.5plus.base-release.aar] AndroidManifest.xml:27:5-91
153-->[lib.5plus.base-release.aar] AndroidManifest.xml:27:22-88
154    <uses-permission android:name="com.vivo.notification.permission.BADGE_ICON" />
154-->[lib.5plus.base-release.aar] AndroidManifest.xml:29:5-83
154-->[lib.5plus.base-release.aar] AndroidManifest.xml:29:22-80
155
156    <queries>
156-->[lib.5plus.base-release.aar] AndroidManifest.xml:31:5-40:15
157        <intent>
157-->[lib.5plus.base-release.aar] AndroidManifest.xml:32:9-34:18
158            <action android:name="android.intent.action.MAIN" />
158-->src/main/AndroidManifest.xml:148:17-69
158-->src/main/AndroidManifest.xml:148:25-66
159        </intent>
160        <intent>
160-->[lib.5plus.base-release.aar] AndroidManifest.xml:35:9-39:18
161            <action android:name="android.intent.action.VIEW" />
161-->src/main/AndroidManifest.xml:193:17-69
161-->src/main/AndroidManifest.xml:193:25-66
162
163            <category android:name="android.intent.category.DEFAULT" />
163-->src/main/AndroidManifest.xml:195:17-76
163-->src/main/AndroidManifest.xml:195:27-73
164        </intent>
165
166        <package android:name="com.tencent.mm" />
166-->[share-weixin-release.aar] AndroidManifest.xml:8:9-50
166-->[share-weixin-release.aar] AndroidManifest.xml:8:18-47
167
168        <intent> <!-- H5 支持手淘登录 -->
168-->[com.alipay.sdk:alipaysdk-android:15.8.11] AndroidManifest.xml:10:9-14:18
169            <action android:name="*" />
169-->[com.alipay.sdk:alipaysdk-android:15.8.11] AndroidManifest.xml:11:13-40
169-->[com.alipay.sdk:alipaysdk-android:15.8.11] AndroidManifest.xml:11:21-37
170
171            <data android:scheme="tbopen" />
171-->src/main/AndroidManifest.xml:198:17-51
171-->src/main/AndroidManifest.xml:198:23-48
172        </intent>
173
174        <package android:name="com.eg.android.AlipayGphone" /> <!-- 支付宝 app -->
174-->[com.alipay.sdk:alipaysdk-android:15.8.11] AndroidManifest.xml:16:9-63
174-->[com.alipay.sdk:alipaysdk-android:15.8.11] AndroidManifest.xml:16:18-60
175        <package android:name="com.eg.android.AlipayGphoneRC" /> <!-- 沙箱支付宝 app -->
175-->[com.alipay.sdk:alipaysdk-android:15.8.11] AndroidManifest.xml:17:9-65
175-->[com.alipay.sdk:alipaysdk-android:15.8.11] AndroidManifest.xml:17:18-62
176        <package android:name="hk.alipay.wallet" />
176-->[com.alipay.sdk:alipaysdk-android:15.8.11] AndroidManifest.xml:18:9-52
176-->[com.alipay.sdk:alipaysdk-android:15.8.11] AndroidManifest.xml:18:18-49
177    </queries>
178
179    <uses-permission android:name="android.permission.READ_EXTERNAL_STORAGE" />
180    <uses-permission android:name="com.asus.msa.SupplementaryDID.ACCESS" />
180-->[oaid_sdk_1.0.25.aar] AndroidManifest.xml:13:5-76
180-->[oaid_sdk_1.0.25.aar] AndroidManifest.xml:13:22-73
181    <uses-permission android:name="freemme.permission.msa" />
181-->[oaid_sdk_1.0.25.aar] AndroidManifest.xml:15:5-62
181-->[oaid_sdk_1.0.25.aar] AndroidManifest.xml:15:22-59
182    <uses-permission android:name="com.google.android.gms.permission.AD_ID" />
182-->[com.umeng.umsdk:common:9.6.1] AndroidManifest.xml:11:5-79
182-->[com.umeng.umsdk:common:9.6.1] AndroidManifest.xml:11:22-76
183    <uses-permission android:name="android.permission.ACCESS_BACKGROUND_LOCATION" /> <!-- 应用列表 -->
183-->[cn.jiguang.sdk:jverification:3.4.0] AndroidManifest.xml:19:5-85
183-->[cn.jiguang.sdk:jverification:3.4.0] AndroidManifest.xml:19:22-82
184    <uses-permission android:name="android.permission.QUERY_ALL_PACKAGES" />
184-->[cn.jiguang.sdk:jverification:3.4.0] AndroidManifest.xml:22:5-77
184-->[cn.jiguang.sdk:jverification:3.4.0] AndroidManifest.xml:22:22-74
185
186    <application
186-->src/main/AndroidManifest.xml:130:5-310:19
187        android:name="io.dcloud.application.DCloudApplication"
187-->src/main/AndroidManifest.xml:131:9-63
188        android:allowClearUserData="true"
188-->src/main/AndroidManifest.xml:132:9-42
189        android:allowNativeHeapPointerTagging="false"
189-->[weex_amap-release.aar] AndroidManifest.xml:7:18-63
190        android:appComponentFactory="androidx.core.app.CoreComponentFactory"
190-->[androidx.core:core:1.1.0] AndroidManifest.xml:24:18-86
191        android:debuggable="true"
191-->src/main/AndroidManifest.xml:136:9-34
192        android:extractNativeLibs="true"
193        android:icon="@drawable/icon"
193-->src/main/AndroidManifest.xml:133:9-38
194        android:label="@string/app_name"
194-->src/main/AndroidManifest.xml:134:9-41
195        android:largeHeap="true"
195-->src/main/AndroidManifest.xml:135:9-33
196        android:networkSecurityConfig="@xml/network_security_config"
196-->[cn.jiguang.sdk:jverification:3.4.0] AndroidManifest.xml:24:18-78
197        android:supportsRtl="true"
197-->[lib.5plus.base-release.aar] AndroidManifest.xml:174:9-35
198        android:testOnly="true"
199        android:usesCleartextTraffic="true" >
199-->[lib.5plus.base-release.aar] AndroidManifest.xml:175:9-44
200        <activity
200-->src/main/AndroidManifest.xml:137:9-151:20
201            android:name="io.dcloud.PandoraEntry"
201-->src/main/AndroidManifest.xml:138:13-50
202            android:configChanges="orientation|keyboardHidden|keyboard|navigation"
202-->src/main/AndroidManifest.xml:139:13-83
203            android:exported="true"
203-->src/main/AndroidManifest.xml:145:13-36
204            android:hardwareAccelerated="true"
204-->src/main/AndroidManifest.xml:142:13-47
205            android:label="@string/app_name"
205-->src/main/AndroidManifest.xml:140:13-45
206            android:launchMode="singleTask"
206-->src/main/AndroidManifest.xml:141:13-44
207            android:screenOrientation="user"
207-->src/main/AndroidManifest.xml:144:13-45
208            android:theme="@style/TranslucentTheme"
208-->src/main/AndroidManifest.xml:143:13-52
209            android:windowSoftInputMode="adjustResize" >
209-->src/main/AndroidManifest.xml:146:13-55
210            <intent-filter>
210-->src/main/AndroidManifest.xml:147:13-150:29
211                <action android:name="android.intent.action.MAIN" />
211-->src/main/AndroidManifest.xml:148:17-69
211-->src/main/AndroidManifest.xml:148:25-66
212
213                <category android:name="android.intent.category.LAUNCHER" />
213-->src/main/AndroidManifest.xml:149:17-77
213-->src/main/AndroidManifest.xml:149:27-74
214            </intent-filter>
215        </activity>
216
217        <!-- Statistic(统计)-友盟统计 begin -->
218        <!-- 官方网站：http://www.umeng.com/analytics -->
219        <!-- meta-data节点android:name="UMENG_APPKEY"项中android:value值为友盟网站申请的APPKEY -->
220        <!-- meta-data节点android:name="UMENG_CHANNEL"项中android:value值为发行渠道标识，可任意取值，用于各种发行渠道效果统计 -->
221        <meta-data
221-->src/main/AndroidManifest.xml:157:9-159:40
222            android:name="UMENG_APPKEY"
222-->src/main/AndroidManifest.xml:158:13-40
223            android:value="友盟appkey" />
223-->src/main/AndroidManifest.xml:159:13-37
224        <meta-data
224-->src/main/AndroidManifest.xml:160:9-162:36
225            android:name="UMENG_CHANNEL"
225-->src/main/AndroidManifest.xml:161:13-41
226            android:value="友盟渠道" />
226-->src/main/AndroidManifest.xml:162:13-33
227        <!-- 友盟统计  配置  end -->
228
229
230        <!-- Maps(地图) begin -->
231        <!-- meta-data节点android:name="com.baidu.lbsapi.API_KEY"项中android:value值为百度地图应用的Appkey -->
232        <meta-data
232-->src/main/AndroidManifest.xml:167:9-169:36
233            android:name="com.baidu.lbsapi.API_KEY"
233-->src/main/AndroidManifest.xml:168:13-52
234            android:value="百度key" />
234-->src/main/AndroidManifest.xml:169:13-34
235        <!--  -->
236        <service
236-->src/main/AndroidManifest.xml:171:9-174:40
237            android:name="com.baidu.location.f"
237-->src/main/AndroidManifest.xml:172:13-48
238            android:enabled="true"
238-->src/main/AndroidManifest.xml:173:13-35
239            android:process=":remote" />
239-->src/main/AndroidManifest.xml:174:13-38
240        <!-- Maps(地图) end -->
241        <meta-data
241-->src/main/AndroidManifest.xml:176:9-177:63
242            android:name="com.amap.api.v2.apikey"
242-->src/main/AndroidManifest.xml:176:20-57
243            android:value="47e729510a3ff63a11da62fe901af0a5" />
243-->src/main/AndroidManifest.xml:177:13-61
244
245        <service android:name="com.amap.api.location.APSService" />
245-->src/main/AndroidManifest.xml:178:9-68
245-->src/main/AndroidManifest.xml:178:18-65
246
247        <!-- Oauth 授权登陆 start -->
248        <!-- Oauth QQ start -->
249        <!-- QQ 分享 配置和授权登陆相同 -->
250        <meta-data
250-->src/main/AndroidManifest.xml:183:9-185:40
251            android:name="QQ_APPID"
251-->src/main/AndroidManifest.xml:184:13-36
252            android:value="QQ的appid" />
252-->src/main/AndroidManifest.xml:185:13-37
253
254        <activity
254-->src/main/AndroidManifest.xml:187:9-200:20
255            android:name="com.tencent.tauth.AuthActivity"
255-->src/main/AndroidManifest.xml:188:13-58
256            android:exported="true"
256-->src/main/AndroidManifest.xml:190:13-36
257            android:launchMode="singleTask"
257-->src/main/AndroidManifest.xml:189:13-44
258            android:noHistory="true" >
258-->src/main/AndroidManifest.xml:191:13-37
259            <intent-filter>
259-->src/main/AndroidManifest.xml:192:13-199:29
260                <action android:name="android.intent.action.VIEW" />
260-->src/main/AndroidManifest.xml:193:17-69
260-->src/main/AndroidManifest.xml:193:25-66
261
262                <category android:name="android.intent.category.DEFAULT" />
262-->src/main/AndroidManifest.xml:195:17-76
262-->src/main/AndroidManifest.xml:195:27-73
263                <category android:name="android.intent.category.BROWSABLE" />
263-->src/main/AndroidManifest.xml:196:17-78
263-->src/main/AndroidManifest.xml:196:27-75
264
265                <data android:scheme="QQ的appid" />
265-->src/main/AndroidManifest.xml:198:17-51
265-->src/main/AndroidManifest.xml:198:23-48
266            </intent-filter>
267        </activity>
268        <activity
268-->src/main/AndroidManifest.xml:201:9-204:75
269            android:name="com.tencent.connect.common.AssistActivity"
269-->src/main/AndroidManifest.xml:202:13-69
270            android:screenOrientation="portrait"
270-->src/main/AndroidManifest.xml:203:13-49
271            android:theme="@android:style/Theme.Translucent.NoTitleBar" />
271-->src/main/AndroidManifest.xml:204:13-72
272        <!-- Oauth QQ end -->
273
274
275        <!-- Oauth Sina start -->
276
277
278        <!-- Oauth Sina end -->
279        <!-- Oauth 授权登陆 end -->
280
281
282        <!-- Share(分享) begin -->
283        <!-- Share - 新浪微博分享 -->
284        <!-- 官方网站：http://open.weibo.com/ -->
285        <meta-data
285-->src/main/AndroidManifest.xml:217:9-219:39
286            android:name="SINA_REDIRECT_URI"
286-->src/main/AndroidManifest.xml:218:13-45
287            android:value="微博的回调地址" />
287-->src/main/AndroidManifest.xml:219:13-36
288        <meta-data
288-->src/main/AndroidManifest.xml:220:9-222:41
289            android:name="SINA_SECRET"
289-->src/main/AndroidManifest.xml:221:13-39
290            android:value="微博的secret" />
290-->src/main/AndroidManifest.xml:222:13-38
291        <meta-data
291-->src/main/AndroidManifest.xml:223:9-225:42
292            android:name="SINA_APPKEY"
292-->src/main/AndroidManifest.xml:224:13-39
293            android:value="_微博的appkey" />
293-->src/main/AndroidManifest.xml:225:13-39
294        <!-- 分享 -->
295
296
297        <!-- 微信分享 配置begin -->
298        <meta-data
298-->src/main/AndroidManifest.xml:229:9-95
299            android:name="WX_SECRET"
299-->src/main/AndroidManifest.xml:229:69-93
300            android:value="5d1ddede57c137999d083e3c01b948b5" />
300-->src/main/AndroidManifest.xml:229:20-68
301        <meta-data
301-->src/main/AndroidManifest.xml:230:9-80
302            android:name="WX_APPID"
302-->src/main/AndroidManifest.xml:230:55-78
303            android:value="wx3aeba17397e7136d" />
303-->src/main/AndroidManifest.xml:230:20-54
304
305        <activity
305-->src/main/AndroidManifest.xml:231:9-239:20
306            android:name="com.cheryge.greenenergy.wxapi.WXEntryActivity"
306-->src/main/AndroidManifest.xml:231:19-79
307            android:exported="true"
307-->src/main/AndroidManifest.xml:233:13-36
308            android:label="@string/app_name"
308-->src/main/AndroidManifest.xml:232:13-45
309            android:launchMode="singleTop" >
309-->src/main/AndroidManifest.xml:234:13-43
310            <intent-filter>
310-->src/main/AndroidManifest.xml:235:13-238:29
311                <action android:name="android.intent.action.VIEW" />
311-->src/main/AndroidManifest.xml:193:17-69
311-->src/main/AndroidManifest.xml:193:25-66
312
313                <category android:name="android.intent.category.DEFAULT" />
313-->src/main/AndroidManifest.xml:195:17-76
313-->src/main/AndroidManifest.xml:195:27-73
314
315                <data android:scheme="wx3aeba17397e7136d" />
315-->src/main/AndroidManifest.xml:198:17-51
315-->src/main/AndroidManifest.xml:198:23-48
316            </intent-filter>
317        </activity>
318        <!-- 微信分享 配置 end -->
319
320
321        <!-- 微信支付配置 start -->
322        <activity
322-->src/main/AndroidManifest.xml:243:9-246:46
323            android:name="com.cheryge.greenenergy.wxapi.WXPayEntryActivity"
323-->src/main/AndroidManifest.xml:244:13-53
324            android:exported="true"
324-->src/main/AndroidManifest.xml:245:13-36
325            android:launchMode="singleTop" />
325-->src/main/AndroidManifest.xml:246:13-43
326
327        <!-- 微信支付配置end -->
328        <!-- 小米分享 -->
329        <meta-data
329-->src/main/AndroidManifest.xml:250:9-252:45
330            android:name="MIUI_APPID"
330-->src/main/AndroidManifest.xml:251:13-38
331            android:value="_%小米分享的APPID%" />
331-->src/main/AndroidManifest.xml:252:13-42
332        <meta-data
332-->src/main/AndroidManifest.xml:253:9-255:48
333            android:name="MIUI_APPSECRET"
333-->src/main/AndroidManifest.xml:254:13-42
334            android:value="%小米分享的appSecret%" />
334-->src/main/AndroidManifest.xml:255:13-45
335        <meta-data
335-->src/main/AndroidManifest.xml:256:9-258:43
336            android:name="MIUI_REDIRECT_URI"
336-->src/main/AndroidManifest.xml:257:13-45
337            android:value="%小米分享的回调地址%" />
337-->src/main/AndroidManifest.xml:258:13-40
338
339        <activity android:name="com.xiaomi.account.openauth.AuthorizeActivity" />
339-->src/main/AndroidManifest.xml:260:9-82
339-->src/main/AndroidManifest.xml:260:19-79
340        <!-- 小米分享 end -->
341        <!--
342        Dcloud 开屏广告配置>
343        <meta-data android:name="DCLOUD_STREAMAPP_CHANNEL" android:value="io.dcloud.H57BCF8D2|H57BCF8D2|12331280401"></meta-data>
344        <meta-data android:name="DCLOUD_AD_ID" android:value="-553621487"></meta-data>
345        <meta-data android:name="DCLOUD_AD_SPLASH" android:value="true"></meta-data>
346        < Dcloud 开屏广告配置
347        -->
348        <!-- 百度语音识别 start -->
349        <meta-data
349-->src/main/AndroidManifest.xml:268:9-87
350            android:name="com.baidu.speech.APP_ID"
350-->src/main/AndroidManifest.xml:268:20-58
351            android:value="百度语音的appid" />
351-->src/main/AndroidManifest.xml:268:59-85
352        <meta-data
352-->src/main/AndroidManifest.xml:269:9-89
353            android:name="com.baidu.speech.API_KEY"
353-->src/main/AndroidManifest.xml:269:20-59
354            android:value="百度语音的appkey" />
354-->src/main/AndroidManifest.xml:269:60-87
355        <meta-data
355-->src/main/AndroidManifest.xml:270:9-92
356            android:name="com.baidu.speech.SECRET_KEY"
356-->src/main/AndroidManifest.xml:270:20-62
357            android:value="百度语音的secret" />
357-->src/main/AndroidManifest.xml:270:63-90
358
359        <service
359-->src/main/AndroidManifest.xml:271:9-101
360            android:name="com.baidu.speech.VoiceRecognitionService"
360-->src/main/AndroidManifest.xml:271:18-73
361            android:exported="false" />
361-->src/main/AndroidManifest.xml:271:74-98
362        <!-- 百度语音识别 end -->
363
364        <activity
364-->src/main/AndroidManifest.xml:274:9-299:20
365            android:name="io.dcloud.PandoraEntryActivity"
365-->src/main/AndroidManifest.xml:275:13-58
366            android:configChanges="orientation|keyboardHidden|screenSize|mcc|mnc|fontScale|keyboard|smallestScreenSize|screenLayout|screenSize|uiMode"
366-->src/main/AndroidManifest.xml:277:13-151
367            android:exported="true"
367-->src/main/AndroidManifest.xml:282:13-36
368            android:hardwareAccelerated="true"
368-->src/main/AndroidManifest.xml:278:13-47
369            android:launchMode="singleTask"
369-->src/main/AndroidManifest.xml:276:13-44